[ 2017-03-23T12:15:42+08:00 ] 127.0.0.1 /admin/email/all_email
INFO: [ app_init ] --START--
INFO: Run Behavior\BuildLiteBehavior [ RunTime:0.000000s ]
INFO: [ app_init ] --END-- [ RunTime:0.000000s ]
INFO: [ app_begin ] --START--
INFO: Run Behavior\ReadHtmlCacheBehavior [ RunTime:0.002000s ]
INFO: [ app_begin ] --END-- [ RunTime:0.002000s ]
SQL: SHOW COLUMNS FROM `user` [ RunTime:0.0140s ]
SQL: SELECT `email` FROM `user`  [ RunTime:0.0010s ]
ERR: Command 'CLOSE' is not a registered Redis command.

[ 2017-03-23T12:15:56+08:00 ] 127.0.0.1 /admin/email/all_email
INFO: [ app_init ] --START--
INFO: Run Behavior\BuildLiteBehavior [ RunTime:0.000000s ]
INFO: [ app_init ] --END-- [ RunTime:0.000000s ]
INFO: [ app_begin ] --START--
INFO: Run Behavior\ReadHtmlCacheBehavior [ RunTime:0.002000s ]
INFO: [ app_begin ] --END-- [ RunTime:0.002000s ]
SQL: SHOW COLUMNS FROM `user` [ RunTime:0.0190s ]
SQL: SELECT `email` FROM `user`  [ RunTime:0.0000s ]
INFO: [ app_end ] --START--
INFO: Run Behavior\ShowPageTraceBehavior [ RunTime:0.002001s ]
INFO: [ app_end ] --END-- [ RunTime:0.002001s ]

[ 2017-03-23T12:36:53+08:00 ] 127.0.0.1 /admin/email/all_email
INFO: [ app_init ] --START--
INFO: Run Behavior\BuildLiteBehavior [ RunTime:0.000000s ]
INFO: [ app_init ] --END-- [ RunTime:0.000000s ]
INFO: [ app_begin ] --START--
INFO: Run Behavior\ReadHtmlCacheBehavior [ RunTime:0.003000s ]
INFO: [ app_begin ] --END-- [ RunTime:0.003000s ]
SQL: SHOW COLUMNS FROM `user` [ RunTime:0.0100s ]
SQL: SELECT `email` FROM `user`  [ RunTime:0.0000s ]
ERR: Command 'LSIZE' is not a registered Redis command.

[ 2017-03-23T12:37:58+08:00 ] 127.0.0.1 /admin/email/all_email
INFO: [ app_init ] --START--
INFO: Run Behavior\BuildLiteBehavior [ RunTime:0.001001s ]
INFO: [ app_init ] --END-- [ RunTime:0.001001s ]
INFO: [ app_begin ] --START--
INFO: Run Behavior\ReadHtmlCacheBehavior [ RunTime:0.003000s ]
INFO: [ app_begin ] --END-- [ RunTime:0.003000s ]
SQL: SHOW COLUMNS FROM `user` [ RunTime:0.0140s ]
SQL: SELECT `email` FROM `user`  [ RunTime:0.0000s ]
SQL: SHOW COLUMNS FROM `email` [ RunTime:0.0110s ]
NOTIC: [8] Trying to get property of non-object C:\laragon\www\ThinkPhpWechat\Application\Admin\Controller\EmailController.class.php 第 26 行.
INFO: [ app_end ] --START--
INFO: Run Behavior\ShowPageTraceBehavior [ RunTime:0.002000s ]
INFO: [ app_end ] --END-- [ RunTime:0.002000s ]

[ 2017-03-23T12:38:00+08:00 ] 127.0.0.1 /admin/email/all_email
INFO: [ app_init ] --START--
INFO: Run Behavior\BuildLiteBehavior [ RunTime:0.000000s ]
INFO: [ app_init ] --END-- [ RunTime:0.001000s ]
INFO: [ app_begin ] --START--
INFO: Run Behavior\ReadHtmlCacheBehavior [ RunTime:0.003000s ]
INFO: [ app_begin ] --END-- [ RunTime:0.003000s ]
SQL: SHOW COLUMNS FROM `user` [ RunTime:0.0090s ]
SQL: SELECT `email` FROM `user`  [ RunTime:0.0000s ]
SQL: SHOW COLUMNS FROM `email` [ RunTime:0.0080s ]
NOTIC: [8] Trying to get property of non-object C:\laragon\www\ThinkPhpWechat\Application\Admin\Controller\EmailController.class.php 第 26 行.
INFO: [ app_end ] --START--
INFO: Run Behavior\ShowPageTraceBehavior [ RunTime:0.002000s ]
INFO: [ app_end ] --END-- [ RunTime:0.004000s ]

[ 2017-03-23T12:38:57+08:00 ] 127.0.0.1 /admin/email/all_email
INFO: [ app_init ] --START--
INFO: Run Behavior\BuildLiteBehavior [ RunTime:0.000000s ]
INFO: [ app_init ] --END-- [ RunTime:0.000000s ]
INFO: [ app_begin ] --START--
INFO: Run Behavior\ReadHtmlCacheBehavior [ RunTime:0.002000s ]
INFO: [ app_begin ] --END-- [ RunTime:0.002000s ]
SQL: SHOW COLUMNS FROM `user` [ RunTime:0.0120s ]
SQL: SELECT `email` FROM `user`  [ RunTime:0.0010s ]
SQL: SHOW COLUMNS FROM `email` [ RunTime:0.0130s ]
NOTIC: [8] Trying to get property of non-object C:\laragon\www\ThinkPhpWechat\Application\Admin\Controller\EmailController.class.php 第 28 行.
INFO: [ app_end ] --START--
INFO: Run Behavior\ShowPageTraceBehavior [ RunTime:0.002000s ]
INFO: [ app_end ] --END-- [ RunTime:0.002000s ]

[ 2017-03-23T12:38:58+08:00 ] 127.0.0.1 /admin/email/all_email
INFO: [ app_init ] --START--
INFO: Run Behavior\BuildLiteBehavior [ RunTime:0.000000s ]
INFO: [ app_init ] --END-- [ RunTime:0.000000s ]
INFO: [ app_begin ] --START--
INFO: Run Behavior\ReadHtmlCacheBehavior [ RunTime:0.002000s ]
INFO: [ app_begin ] --END-- [ RunTime:0.002000s ]
SQL: SHOW COLUMNS FROM `user` [ RunTime:0.0110s ]
SQL: SELECT `email` FROM `user`  [ RunTime:0.0010s ]
SQL: SHOW COLUMNS FROM `email` [ RunTime:0.0110s ]
NOTIC: [8] Trying to get property of non-object C:\laragon\www\ThinkPhpWechat\Application\Admin\Controller\EmailController.class.php 第 28 行.
INFO: [ app_end ] --START--
INFO: Run Behavior\ShowPageTraceBehavior [ RunTime:0.002000s ]
INFO: [ app_end ] --END-- [ RunTime:0.002000s ]

[ 2017-03-23T12:39:00+08:00 ] 127.0.0.1 /admin/email/all_email
INFO: [ app_init ] --START--
INFO: Run Behavior\BuildLiteBehavior [ RunTime:0.000000s ]
INFO: [ app_init ] --END-- [ RunTime:0.000000s ]
INFO: [ app_begin ] --START--
INFO: Run Behavior\ReadHtmlCacheBehavior [ RunTime:0.002000s ]
INFO: [ app_begin ] --END-- [ RunTime:0.002000s ]
SQL: SHOW COLUMNS FROM `user` [ RunTime:0.0110s ]
SQL: SELECT `email` FROM `user`  [ RunTime:0.0000s ]
SQL: SHOW COLUMNS FROM `email` [ RunTime:0.0090s ]
NOTIC: [8] Trying to get property of non-object C:\laragon\www\ThinkPhpWechat\Application\Admin\Controller\EmailController.class.php 第 28 行.
INFO: [ app_end ] --START--
INFO: Run Behavior\ShowPageTraceBehavior [ RunTime:0.003000s ]
INFO: [ app_end ] --END-- [ RunTime:0.003000s ]

[ 2017-03-23T12:39:15+08:00 ] 127.0.0.1 /admin/email/all_email
INFO: [ app_init ] --START--
INFO: Run Behavior\BuildLiteBehavior [ RunTime:0.000000s ]
INFO: [ app_init ] --END-- [ RunTime:0.000000s ]
INFO: [ app_begin ] --START--
INFO: Run Behavior\ReadHtmlCacheBehavior [ RunTime:0.003000s ]
INFO: [ app_begin ] --END-- [ RunTime:0.003000s ]
SQL: SHOW COLUMNS FROM `user` [ RunTime:0.0120s ]
SQL: SELECT `email` FROM `user`  [ RunTime:0.0000s ]
SQL: SHOW COLUMNS FROM `email` [ RunTime:0.0100s ]
NOTIC: [8] Trying to get property of non-object C:\laragon\www\ThinkPhpWechat\Application\Admin\Controller\EmailController.class.php 第 28 行.
INFO: [ app_end ] --START--
INFO: Run Behavior\ShowPageTraceBehavior [ RunTime:0.003000s ]
INFO: [ app_end ] --END-- [ RunTime:0.003000s ]

[ 2017-03-23T12:39:17+08:00 ] 127.0.0.1 /admin/email/all_email
INFO: [ app_init ] --START--
INFO: Run Behavior\BuildLiteBehavior [ RunTime:0.000000s ]
INFO: [ app_init ] --END-- [ RunTime:0.000000s ]
INFO: [ app_begin ] --START--
INFO: Run Behavior\ReadHtmlCacheBehavior [ RunTime:0.002000s ]
INFO: [ app_begin ] --END-- [ RunTime:0.002000s ]
SQL: SHOW COLUMNS FROM `user` [ RunTime:0.0090s ]
SQL: SELECT `email` FROM `user`  [ RunTime:0.0010s ]
SQL: SHOW COLUMNS FROM `email` [ RunTime:0.0120s ]
NOTIC: [8] Trying to get property of non-object C:\laragon\www\ThinkPhpWechat\Application\Admin\Controller\EmailController.class.php 第 28 行.
INFO: [ app_end ] --START--
INFO: Run Behavior\ShowPageTraceBehavior [ RunTime:0.002001s ]
INFO: [ app_end ] --END-- [ RunTime:0.002001s ]

[ 2017-03-23T12:39:18+08:00 ] 127.0.0.1 /admin/email/all_email
INFO: [ app_init ] --START--
INFO: Run Behavior\BuildLiteBehavior [ RunTime:0.000000s ]
INFO: [ app_init ] --END-- [ RunTime:0.000000s ]
INFO: [ app_begin ] --START--
INFO: Run Behavior\ReadHtmlCacheBehavior [ RunTime:0.002000s ]
INFO: [ app_begin ] --END-- [ RunTime:0.002000s ]
SQL: SHOW COLUMNS FROM `user` [ RunTime:0.0110s ]
SQL: SELECT `email` FROM `user`  [ RunTime:0.0000s ]
SQL: SHOW COLUMNS FROM `email` [ RunTime:0.0100s ]
NOTIC: [8] Trying to get property of non-object C:\laragon\www\ThinkPhpWechat\Application\Admin\Controller\EmailController.class.php 第 28 行.
INFO: [ app_end ] --START--
INFO: Run Behavior\ShowPageTraceBehavior [ RunTime:0.002000s ]
INFO: [ app_end ] --END-- [ RunTime:0.002000s ]

[ 2017-03-23T12:39:18+08:00 ] 127.0.0.1 /admin/email/all_email
INFO: [ app_init ] --START--
INFO: Run Behavior\BuildLiteBehavior [ RunTime:0.000000s ]
INFO: [ app_init ] --END-- [ RunTime:0.000000s ]
INFO: [ app_begin ] --START--
INFO: Run Behavior\ReadHtmlCacheBehavior [ RunTime:0.002000s ]
INFO: [ app_begin ] --END-- [ RunTime:0.002000s ]
SQL: SHOW COLUMNS FROM `user` [ RunTime:0.0100s ]
SQL: SELECT `email` FROM `user`  [ RunTime:0.0000s ]
SQL: SHOW COLUMNS FROM `email` [ RunTime:0.0120s ]
NOTIC: [8] Trying to get property of non-object C:\laragon\www\ThinkPhpWechat\Application\Admin\Controller\EmailController.class.php 第 28 行.
INFO: [ app_end ] --START--
INFO: Run Behavior\ShowPageTraceBehavior [ RunTime:0.002000s ]
INFO: [ app_end ] --END-- [ RunTime:0.002000s ]

[ 2017-03-23T12:39:19+08:00 ] 127.0.0.1 /admin/email/all_email
INFO: [ app_init ] --START--
INFO: Run Behavior\BuildLiteBehavior [ RunTime:0.000000s ]
INFO: [ app_init ] --END-- [ RunTime:0.000000s ]
INFO: [ app_begin ] --START--
INFO: Run Behavior\ReadHtmlCacheBehavior [ RunTime:0.002000s ]
INFO: [ app_begin ] --END-- [ RunTime:0.002000s ]
SQL: SHOW COLUMNS FROM `user` [ RunTime:0.0100s ]
SQL: SELECT `email` FROM `user`  [ RunTime:0.0000s ]
SQL: SHOW COLUMNS FROM `email` [ RunTime:0.0100s ]
NOTIC: [8] Trying to get property of non-object C:\laragon\www\ThinkPhpWechat\Application\Admin\Controller\EmailController.class.php 第 28 行.
INFO: [ app_end ] --START--
INFO: Run Behavior\ShowPageTraceBehavior [ RunTime:0.002000s ]
INFO: [ app_end ] --END-- [ RunTime:0.002000s ]

[ 2017-03-23T12:39:19+08:00 ] 127.0.0.1 /admin/email/all_email
INFO: [ app_init ] --START--
INFO: Run Behavior\BuildLiteBehavior [ RunTime:0.000000s ]
INFO: [ app_init ] --END-- [ RunTime:0.000000s ]
INFO: [ app_begin ] --START--
INFO: Run Behavior\ReadHtmlCacheBehavior [ RunTime:0.003000s ]
INFO: [ app_begin ] --END-- [ RunTime:0.003000s ]
SQL: SHOW COLUMNS FROM `user` [ RunTime:0.0090s ]
SQL: SELECT `email` FROM `user`  [ RunTime:0.0010s ]
SQL: SHOW COLUMNS FROM `email` [ RunTime:0.0110s ]
NOTIC: [8] Trying to get property of non-object C:\laragon\www\ThinkPhpWechat\Application\Admin\Controller\EmailController.class.php 第 28 行.
INFO: [ app_end ] --START--
INFO: Run Behavior\ShowPageTraceBehavior [ RunTime:0.002000s ]
INFO: [ app_end ] --END-- [ RunTime:0.002000s ]

[ 2017-03-23T12:39:19+08:00 ] 127.0.0.1 /admin/email/all_email
INFO: [ app_init ] --START--
INFO: Run Behavior\BuildLiteBehavior [ RunTime:0.000000s ]
INFO: [ app_init ] --END-- [ RunTime:0.000000s ]
INFO: [ app_begin ] --START--
INFO: Run Behavior\ReadHtmlCacheBehavior [ RunTime:0.003000s ]
INFO: [ app_begin ] --END-- [ RunTime:0.003000s ]
SQL: SHOW COLUMNS FROM `user` [ RunTime:0.0160s ]
SQL: SELECT `email` FROM `user`  [ RunTime:0.0010s ]
SQL: SHOW COLUMNS FROM `email` [ RunTime:0.0130s ]
NOTIC: [8] Trying to get property of non-object C:\laragon\www\ThinkPhpWechat\Application\Admin\Controller\EmailController.class.php 第 28 行.
INFO: [ app_end ] --START--
INFO: Run Behavior\ShowPageTraceBehavior [ RunTime:0.003001s ]
INFO: [ app_end ] --END-- [ RunTime:0.003001s ]

[ 2017-03-23T12:39:20+08:00 ] 127.0.0.1 /admin/email/all_email
INFO: [ app_init ] --START--
INFO: Run Behavior\BuildLiteBehavior [ RunTime:0.000000s ]
INFO: [ app_init ] --END-- [ RunTime:0.000000s ]
INFO: [ app_begin ] --START--
INFO: Run Behavior\ReadHtmlCacheBehavior [ RunTime:0.002000s ]
INFO: [ app_begin ] --END-- [ RunTime:0.002000s ]
SQL: SHOW COLUMNS FROM `user` [ RunTime:0.0130s ]
SQL: SELECT `email` FROM `user`  [ RunTime:0.0000s ]
SQL: SHOW COLUMNS FROM `email` [ RunTime:0.0140s ]
NOTIC: [8] Trying to get property of non-object C:\laragon\www\ThinkPhpWechat\Application\Admin\Controller\EmailController.class.php 第 28 行.
INFO: [ app_end ] --START--
INFO: Run Behavior\ShowPageTraceBehavior [ RunTime:0.002000s ]
INFO: [ app_end ] --END-- [ RunTime:0.002000s ]

[ 2017-03-23T12:39:20+08:00 ] 127.0.0.1 /admin/email/all_email
INFO: [ app_init ] --START--
INFO: Run Behavior\BuildLiteBehavior [ RunTime:0.000000s ]
INFO: [ app_init ] --END-- [ RunTime:0.000000s ]
INFO: [ app_begin ] --START--
INFO: Run Behavior\ReadHtmlCacheBehavior [ RunTime:0.002000s ]
INFO: [ app_begin ] --END-- [ RunTime:0.002000s ]
SQL: SHOW COLUMNS FROM `user` [ RunTime:0.0090s ]
SQL: SELECT `email` FROM `user`  [ RunTime:0.0000s ]
SQL: SHOW COLUMNS FROM `email` [ RunTime:0.0130s ]
NOTIC: [8] Trying to get property of non-object C:\laragon\www\ThinkPhpWechat\Application\Admin\Controller\EmailController.class.php 第 28 行.
INFO: [ app_end ] --START--
INFO: Run Behavior\ShowPageTraceBehavior [ RunTime:0.002000s ]
INFO: [ app_end ] --END-- [ RunTime:0.002000s ]

[ 2017-03-23T12:39:21+08:00 ] 127.0.0.1 /admin/email/all_email
INFO: [ app_init ] --START--
INFO: Run Behavior\BuildLiteBehavior [ RunTime:0.000000s ]
INFO: [ app_init ] --END-- [ RunTime:0.000000s ]
INFO: [ app_begin ] --START--
INFO: Run Behavior\ReadHtmlCacheBehavior [ RunTime:0.002000s ]
INFO: [ app_begin ] --END-- [ RunTime:0.002000s ]
SQL: SHOW COLUMNS FROM `user` [ RunTime:0.0110s ]
SQL: SELECT `email` FROM `user`  [ RunTime:0.0000s ]
SQL: SHOW COLUMNS FROM `email` [ RunTime:0.0090s ]
NOTIC: [8] Trying to get property of non-object C:\laragon\www\ThinkPhpWechat\Application\Admin\Controller\EmailController.class.php 第 28 行.
INFO: [ app_end ] --START--
INFO: Run Behavior\ShowPageTraceBehavior [ RunTime:0.003001s ]
INFO: [ app_end ] --END-- [ RunTime:0.003001s ]

[ 2017-03-23T12:39:21+08:00 ] 127.0.0.1 /admin/email/all_email
INFO: [ app_init ] --START--
INFO: Run Behavior\BuildLiteBehavior [ RunTime:0.000000s ]
INFO: [ app_init ] --END-- [ RunTime:0.000000s ]
INFO: [ app_begin ] --START--
INFO: Run Behavior\ReadHtmlCacheBehavior [ RunTime:0.001000s ]
INFO: [ app_begin ] --END-- [ RunTime:0.001000s ]
SQL: SHOW COLUMNS FROM `user` [ RunTime:0.0170s ]
SQL: SELECT `email` FROM `user`  [ RunTime:0.0010s ]
SQL: SHOW COLUMNS FROM `email` [ RunTime:0.0150s ]
NOTIC: [8] Trying to get property of non-object C:\laragon\www\ThinkPhpWechat\Application\Admin\Controller\EmailController.class.php 第 28 行.
INFO: [ app_end ] --START--
INFO: Run Behavior\ShowPageTraceBehavior [ RunTime:0.003001s ]
INFO: [ app_end ] --END-- [ RunTime:0.003001s ]

[ 2017-03-23T12:39:30+08:00 ] 127.0.0.1 /admin/email/all_email
INFO: [ app_init ] --START--
INFO: Run Behavior\BuildLiteBehavior [ RunTime:0.000000s ]
INFO: [ app_init ] --END-- [ RunTime:0.000000s ]
INFO: [ app_begin ] --START--
INFO: Run Behavior\ReadHtmlCacheBehavior [ RunTime:0.003000s ]
INFO: [ app_begin ] --END-- [ RunTime:0.004000s ]
SQL: SHOW COLUMNS FROM `user` [ RunTime:0.0130s ]
SQL: SELECT `email` FROM `user`  [ RunTime:0.0000s ]
SQL: SHOW COLUMNS FROM `email` [ RunTime:0.0080s ]
NOTIC: [8] Trying to get property of non-object C:\laragon\www\ThinkPhpWechat\Application\Admin\Controller\EmailController.class.php 第 28 行.
INFO: [ app_end ] --START--
INFO: Run Behavior\ShowPageTraceBehavior [ RunTime:0.003000s ]
INFO: [ app_end ] --END-- [ RunTime:0.003000s ]

[ 2017-03-23T12:39:59+08:00 ] 127.0.0.1 /admin/email/all_email
INFO: [ app_init ] --START--
INFO: Run Behavior\BuildLiteBehavior [ RunTime:0.000000s ]
INFO: [ app_init ] --END-- [ RunTime:0.000000s ]
INFO: [ app_begin ] --START--
INFO: Run Behavior\ReadHtmlCacheBehavior [ RunTime:0.002000s ]
INFO: [ app_begin ] --END-- [ RunTime:0.002000s ]
SQL: SHOW COLUMNS FROM `user` [ RunTime:0.0080s ]
SQL: SELECT `email` FROM `user`  [ RunTime:0.0000s ]
SQL: SHOW COLUMNS FROM `email` [ RunTime:0.0100s ]
NOTIC: [8] Trying to get property of non-object C:\laragon\www\ThinkPhpWechat\Application\Admin\Controller\EmailController.class.php 第 28 行.
INFO: [ app_end ] --START--
INFO: Run Behavior\ShowPageTraceBehavior [ RunTime:0.003000s ]
INFO: [ app_end ] --END-- [ RunTime:0.003000s ]

[ 2017-03-23T12:40:00+08:00 ] 127.0.0.1 /admin/email/all_email
INFO: [ app_init ] --START--
INFO: Run Behavior\BuildLiteBehavior [ RunTime:0.000000s ]
INFO: [ app_init ] --END-- [ RunTime:0.000000s ]
INFO: [ app_begin ] --START--
INFO: Run Behavior\ReadHtmlCacheBehavior [ RunTime:0.002000s ]
INFO: [ app_begin ] --END-- [ RunTime:0.002000s ]
SQL: SHOW COLUMNS FROM `user` [ RunTime:0.0090s ]
SQL: SELECT `email` FROM `user`  [ RunTime:0.0000s ]
SQL: SHOW COLUMNS FROM `email` [ RunTime:0.0100s ]
NOTIC: [8] Trying to get property of non-object C:\laragon\www\ThinkPhpWechat\Application\Admin\Controller\EmailController.class.php 第 28 行.
INFO: [ app_end ] --START--
INFO: Run Behavior\ShowPageTraceBehavior [ RunTime:0.002001s ]
INFO: [ app_end ] --END-- [ RunTime:0.002001s ]

[ 2017-03-23T12:48:13+08:00 ] 127.0.0.1 /admin/email/all_email
INFO: [ app_init ] --START--
INFO: Run Behavior\BuildLiteBehavior [ RunTime:0.000000s ]
INFO: [ app_init ] --END-- [ RunTime:0.000000s ]
INFO: [ app_begin ] --START--
INFO: Run Behavior\ReadHtmlCacheBehavior [ RunTime:0.002000s ]
INFO: [ app_begin ] --END-- [ RunTime:0.002000s ]
SQL: SHOW COLUMNS FROM `user` [ RunTime:0.0110s ]
SQL: SELECT `email` FROM `user`  [ RunTime:0.0000s ]
SQL: SHOW COLUMNS FROM `email` [ RunTime:0.0120s ]
NOTIC: [8] Trying to get property of non-object C:\laragon\www\ThinkPhpWechat\Application\Admin\Controller\EmailController.class.php 第 29 行.
INFO: [ app_end ] --START--
INFO: Run Behavior\ShowPageTraceBehavior [ RunTime:0.003000s ]
INFO: [ app_end ] --END-- [ RunTime:0.003000s ]

[ 2017-03-23T12:48:15+08:00 ] 127.0.0.1 /admin/email/all_email
INFO: [ app_init ] --START--
INFO: Run Behavior\BuildLiteBehavior [ RunTime:0.000000s ]
INFO: [ app_init ] --END-- [ RunTime:0.000000s ]
INFO: [ app_begin ] --START--
INFO: Run Behavior\ReadHtmlCacheBehavior [ RunTime:0.003000s ]
INFO: [ app_begin ] --END-- [ RunTime:0.003000s ]
SQL: SHOW COLUMNS FROM `user` [ RunTime:0.0110s ]
SQL: SELECT `email` FROM `user`  [ RunTime:0.0000s ]
SQL: SHOW COLUMNS FROM `email` [ RunTime:0.0100s ]
NOTIC: [8] Trying to get property of non-object C:\laragon\www\ThinkPhpWechat\Application\Admin\Controller\EmailController.class.php 第 29 行.
INFO: [ app_end ] --START--
INFO: Run Behavior\ShowPageTraceBehavior [ RunTime:0.003000s ]
INFO: [ app_end ] --END-- [ RunTime:0.003000s ]

[ 2017-03-23T12:48:16+08:00 ] 127.0.0.1 /admin/email/all_email
INFO: [ app_init ] --START--
INFO: Run Behavior\BuildLiteBehavior [ RunTime:0.001000s ]
INFO: [ app_init ] --END-- [ RunTime:0.001000s ]
INFO: [ app_begin ] --START--
INFO: Run Behavior\ReadHtmlCacheBehavior [ RunTime:0.003000s ]
INFO: [ app_begin ] --END-- [ RunTime:0.003000s ]
SQL: SHOW COLUMNS FROM `user` [ RunTime:0.0160s ]
SQL: SELECT `email` FROM `user`  [ RunTime:0.0000s ]
SQL: SHOW COLUMNS FROM `email` [ RunTime:0.0180s ]
NOTIC: [8] Trying to get property of non-object C:\laragon\www\ThinkPhpWechat\Application\Admin\Controller\EmailController.class.php 第 29 行.
INFO: [ app_end ] --START--
INFO: Run Behavior\ShowPageTraceBehavior [ RunTime:0.004000s ]
INFO: [ app_end ] --END-- [ RunTime:0.004000s ]

[ 2017-03-23T12:48:16+08:00 ] 127.0.0.1 /admin/email/all_email
INFO: [ app_init ] --START--
INFO: Run Behavior\BuildLiteBehavior [ RunTime:0.000000s ]
INFO: [ app_init ] --END-- [ RunTime:0.000000s ]
INFO: [ app_begin ] --START--
INFO: Run Behavior\ReadHtmlCacheBehavior [ RunTime:0.003000s ]
INFO: [ app_begin ] --END-- [ RunTime:0.003000s ]
SQL: SHOW COLUMNS FROM `user` [ RunTime:0.0130s ]
SQL: SELECT `email` FROM `user`  [ RunTime:0.0000s ]
SQL: SHOW COLUMNS FROM `email` [ RunTime:0.0100s ]
NOTIC: [8] Trying to get property of non-object C:\laragon\www\ThinkPhpWechat\Application\Admin\Controller\EmailController.class.php 第 29 行.
INFO: [ app_end ] --START--
INFO: Run Behavior\ShowPageTraceBehavior [ RunTime:0.003000s ]
INFO: [ app_end ] --END-- [ RunTime:0.003000s ]

[ 2017-03-23T12:48:47+08:00 ] 127.0.0.1 /admin/email/all_email
INFO: [ app_init ] --START--
INFO: Run Behavior\BuildLiteBehavior [ RunTime:0.000000s ]
INFO: [ app_init ] --END-- [ RunTime:0.000000s ]
INFO: [ app_begin ] --START--
INFO: Run Behavior\ReadHtmlCacheBehavior [ RunTime:0.003000s ]
INFO: [ app_begin ] --END-- [ RunTime:0.003000s ]
SQL: SHOW COLUMNS FROM `user` [ RunTime:0.0110s ]
SQL: SELECT `email` FROM `user`  [ RunTime:0.0000s ]
SQL: SHOW COLUMNS FROM `email` [ RunTime:0.0100s ]
NOTIC: [8] Trying to get property of non-object C:\laragon\www\ThinkPhpWechat\Application\Admin\Controller\EmailController.class.php 第 30 行.
INFO: [ app_end ] --START--
INFO: Run Behavior\ShowPageTraceBehavior [ RunTime:0.002000s ]
INFO: [ app_end ] --END-- [ RunTime:0.002000s ]

[ 2017-03-23T12:50:16+08:00 ] 127.0.0.1 /admin/email/all_email
INFO: [ app_init ] --START--
INFO: Run Behavior\BuildLiteBehavior [ RunTime:0.000000s ]
INFO: [ app_init ] --END-- [ RunTime:0.000000s ]
INFO: [ app_begin ] --START--
INFO: Run Behavior\ReadHtmlCacheBehavior [ RunTime:0.004000s ]
INFO: [ app_begin ] --END-- [ RunTime:0.004000s ]
ERR: syntax error, unexpected ';'

[ 2017-03-23T12:50:29+08:00 ] 127.0.0.1 /admin/email/all_email
INFO: [ app_init ] --START--
INFO: Run Behavior\BuildLiteBehavior [ RunTime:0.000000s ]
INFO: [ app_init ] --END-- [ RunTime:0.000000s ]
INFO: [ app_begin ] --START--
INFO: Run Behavior\ReadHtmlCacheBehavior [ RunTime:0.003001s ]
INFO: [ app_begin ] --END-- [ RunTime:0.003001s ]
SQL: SHOW COLUMNS FROM `user` [ RunTime:0.0140s ]
SQL: SELECT `email` FROM `user`  [ RunTime:0.0010s ]
SQL: SHOW COLUMNS FROM `email` [ RunTime:0.0100s ]
NOTIC: [8] Trying to get property of non-object C:\laragon\www\ThinkPhpWechat\Application\Admin\Controller\EmailController.class.php 第 30 行.
INFO: [ app_end ] --START--
INFO: Run Behavior\ShowPageTraceBehavior [ RunTime:0.003001s ]
INFO: [ app_end ] --END-- [ RunTime:0.003001s ]

[ 2017-03-23T12:50:30+08:00 ] 127.0.0.1 /admin/email/all_email
INFO: [ app_init ] --START--
INFO: Run Behavior\BuildLiteBehavior [ RunTime:0.000000s ]
INFO: [ app_init ] --END-- [ RunTime:0.000000s ]
INFO: [ app_begin ] --START--
INFO: Run Behavior\ReadHtmlCacheBehavior [ RunTime:0.003000s ]
INFO: [ app_begin ] --END-- [ RunTime:0.003000s ]
SQL: SHOW COLUMNS FROM `user` [ RunTime:0.0120s ]
SQL: SELECT `email` FROM `user`  [ RunTime:0.0000s ]
SQL: SHOW COLUMNS FROM `email` [ RunTime:0.0170s ]
NOTIC: [8] Trying to get property of non-object C:\laragon\www\ThinkPhpWechat\Application\Admin\Controller\EmailController.class.php 第 30 行.
INFO: [ app_end ] --START--
INFO: Run Behavior\ShowPageTraceBehavior [ RunTime:0.003000s ]
INFO: [ app_end ] --END-- [ RunTime:0.003000s ]

[ 2017-03-23T12:52:33+08:00 ] 127.0.0.1 /admin/email/all_email
INFO: [ app_init ] --START--
INFO: Run Behavior\BuildLiteBehavior [ RunTime:0.000000s ]
INFO: [ app_init ] --END-- [ RunTime:0.001000s ]
INFO: [ app_begin ] --START--
INFO: Run Behavior\ReadHtmlCacheBehavior [ RunTime:0.002000s ]
INFO: [ app_begin ] --END-- [ RunTime:0.002000s ]
SQL: SHOW COLUMNS FROM `user` [ RunTime:0.0140s ]
SQL: SELECT `email` FROM `user`  [ RunTime:0.0000s ]
SQL: SHOW COLUMNS FROM `email` [ RunTime:0.0160s ]
NOTIC: [8] Trying to get property of non-object C:\laragon\www\ThinkPhpWechat\Application\Admin\Controller\EmailController.class.php 第 30 行.
INFO: [ app_end ] --START--
INFO: Run Behavior\ShowPageTraceBehavior [ RunTime:0.003001s ]
INFO: [ app_end ] --END-- [ RunTime:0.004001s ]

[ 2017-03-23T12:52:34+08:00 ] 127.0.0.1 /admin/email/all_email
INFO: [ app_init ] --START--
INFO: Run Behavior\BuildLiteBehavior [ RunTime:0.000000s ]
INFO: [ app_init ] --END-- [ RunTime:0.000000s ]
INFO: [ app_begin ] --START--
INFO: Run Behavior\ReadHtmlCacheBehavior [ RunTime:0.002001s ]
INFO: [ app_begin ] --END-- [ RunTime:0.002001s ]
SQL: SHOW COLUMNS FROM `user` [ RunTime:0.0160s ]
SQL: SELECT `email` FROM `user`  [ RunTime:0.0000s ]
SQL: SHOW COLUMNS FROM `email` [ RunTime:0.0110s ]
NOTIC: [8] Trying to get property of non-object C:\laragon\www\ThinkPhpWechat\Application\Admin\Controller\EmailController.class.php 第 30 行.
INFO: [ app_end ] --START--
INFO: Run Behavior\ShowPageTraceBehavior [ RunTime:0.004001s ]
INFO: [ app_end ] --END-- [ RunTime:0.004001s ]

[ 2017-03-23T12:54:34+08:00 ] 127.0.0.1 /admin/email/all_email
INFO: [ app_init ] --START--
INFO: Run Behavior\BuildLiteBehavior [ RunTime:0.000000s ]
INFO: [ app_init ] --END-- [ RunTime:0.000000s ]
INFO: [ app_begin ] --START--
INFO: Run Behavior\ReadHtmlCacheBehavior [ RunTime:0.002001s ]
INFO: [ app_begin ] --END-- [ RunTime:0.002001s ]
SQL: SHOW COLUMNS FROM `user` [ RunTime:0.0100s ]
SQL: SELECT `email` FROM `user`  [ RunTime:0.0000s ]
SQL: SHOW COLUMNS FROM `email` [ RunTime:0.0140s ]
NOTIC: [8] Trying to get property of non-object C:\laragon\www\ThinkPhpWechat\Application\Admin\Controller\EmailController.class.php 第 30 行.
INFO: [ app_end ] --START--
INFO: Run Behavior\ShowPageTraceBehavior [ RunTime:0.002001s ]
INFO: [ app_end ] --END-- [ RunTime:0.002001s ]

[ 2017-03-23T12:54:37+08:00 ] 127.0.0.1 /admin/email/all_email
INFO: [ app_init ] --START--
INFO: Run Behavior\BuildLiteBehavior [ RunTime:0.000000s ]
INFO: [ app_init ] --END-- [ RunTime:0.000000s ]
INFO: [ app_begin ] --START--
INFO: Run Behavior\ReadHtmlCacheBehavior [ RunTime:0.002000s ]
INFO: [ app_begin ] --END-- [ RunTime:0.002000s ]
SQL: SHOW COLUMNS FROM `user` [ RunTime:0.0140s ]
SQL: SELECT `email` FROM `user`  [ RunTime:0.0000s ]
SQL: SHOW COLUMNS FROM `email` [ RunTime:0.0090s ]
NOTIC: [8] Trying to get property of non-object C:\laragon\www\ThinkPhpWechat\Application\Admin\Controller\EmailController.class.php 第 30 行.
INFO: [ app_end ] --START--
INFO: Run Behavior\ShowPageTraceBehavior [ RunTime:0.003000s ]
INFO: [ app_end ] --END-- [ RunTime:0.003000s ]

[ 2017-03-23T12:55:01+08:00 ] 127.0.0.1 /admin/email/all_email
INFO: [ app_init ] --START--
INFO: Run Behavior\BuildLiteBehavior [ RunTime:0.000000s ]
INFO: [ app_init ] --END-- [ RunTime:0.001000s ]
INFO: [ app_begin ] --START--
INFO: Run Behavior\ReadHtmlCacheBehavior [ RunTime:0.002000s ]
INFO: [ app_begin ] --END-- [ RunTime:0.002000s ]
SQL: SHOW COLUMNS FROM `user` [ RunTime:0.0130s ]
SQL: SELECT `email` FROM `user`  [ RunTime:0.0010s ]
SQL: SHOW COLUMNS FROM `email` [ RunTime:0.0120s ]
NOTIC: [8] Trying to get property of non-object C:\laragon\www\ThinkPhpWechat\Application\Admin\Controller\EmailController.class.php 第 30 行.
INFO: [ app_end ] --START--
INFO: Run Behavior\ShowPageTraceBehavior [ RunTime:0.003000s ]
INFO: [ app_end ] --END-- [ RunTime:0.003000s ]

[ 2017-03-23T12:56:14+08:00 ] 127.0.0.1 /admin/email/all_email
INFO: [ app_init ] --START--
INFO: Run Behavior\BuildLiteBehavior [ RunTime:0.000000s ]
INFO: [ app_init ] --END-- [ RunTime:0.000000s ]
INFO: [ app_begin ] --START--
INFO: Run Behavior\ReadHtmlCacheBehavior [ RunTime:0.003000s ]
INFO: [ app_begin ] --END-- [ RunTime:0.003000s ]
SQL: SHOW COLUMNS FROM `user` [ RunTime:0.0140s ]
SQL: SELECT `email` FROM `user`  [ RunTime:0.0010s ]
SQL: SHOW COLUMNS FROM `email` [ RunTime:0.0100s ]
NOTIC: [8] Trying to get property of non-object C:\laragon\www\ThinkPhpWechat\Application\Admin\Controller\EmailController.class.php 第 30 行.
INFO: [ app_end ] --START--
INFO: Run Behavior\ShowPageTraceBehavior [ RunTime:0.003000s ]
INFO: [ app_end ] --END-- [ RunTime:0.003000s ]

[ 2017-03-23T12:56:15+08:00 ] 127.0.0.1 /admin/email/all_email
INFO: [ app_init ] --START--
INFO: Run Behavior\BuildLiteBehavior [ RunTime:0.000000s ]
INFO: [ app_init ] --END-- [ RunTime:0.000000s ]
INFO: [ app_begin ] --START--
INFO: Run Behavior\ReadHtmlCacheBehavior [ RunTime:0.002000s ]
INFO: [ app_begin ] --END-- [ RunTime:0.002000s ]
SQL: SHOW COLUMNS FROM `user` [ RunTime:0.0110s ]
SQL: SELECT `email` FROM `user`  [ RunTime:0.0000s ]
SQL: SHOW COLUMNS FROM `email` [ RunTime:0.0140s ]
NOTIC: [8] Trying to get property of non-object C:\laragon\www\ThinkPhpWechat\Application\Admin\Controller\EmailController.class.php 第 30 行.
INFO: [ app_end ] --START--
INFO: Run Behavior\ShowPageTraceBehavior [ RunTime:0.002000s ]
INFO: [ app_end ] --END-- [ RunTime:0.002000s ]

[ 2017-03-23T12:56:16+08:00 ] 127.0.0.1 /admin/email/all_email
INFO: [ app_init ] --START--
INFO: Run Behavior\BuildLiteBehavior [ RunTime:0.001000s ]
INFO: [ app_init ] --END-- [ RunTime:0.001000s ]
INFO: [ app_begin ] --START--
INFO: Run Behavior\ReadHtmlCacheBehavior [ RunTime:0.002001s ]
INFO: [ app_begin ] --END-- [ RunTime:0.002001s ]
SQL: SHOW COLUMNS FROM `user` [ RunTime:0.0110s ]
SQL: SELECT `email` FROM `user`  [ RunTime:0.0000s ]
SQL: SHOW COLUMNS FROM `email` [ RunTime:0.0110s ]
NOTIC: [8] Trying to get property of non-object C:\laragon\www\ThinkPhpWechat\Application\Admin\Controller\EmailController.class.php 第 30 行.
INFO: [ app_end ] --START--
INFO: Run Behavior\ShowPageTraceBehavior [ RunTime:0.002000s ]
INFO: [ app_end ] --END-- [ RunTime:0.002000s ]

[ 2017-03-23T12:56:17+08:00 ] 127.0.0.1 /admin/email/all_email
INFO: [ app_init ] --START--
INFO: Run Behavior\BuildLiteBehavior [ RunTime:0.000000s ]
INFO: [ app_init ] --END-- [ RunTime:0.000000s ]
INFO: [ app_begin ] --START--
INFO: Run Behavior\ReadHtmlCacheBehavior [ RunTime:0.004001s ]
INFO: [ app_begin ] --END-- [ RunTime:0.005001s ]
SQL: SHOW COLUMNS FROM `user` [ RunTime:0.0160s ]
SQL: SELECT `email` FROM `user`  [ RunTime:0.0000s ]
SQL: SHOW COLUMNS FROM `email` [ RunTime:0.0150s ]
NOTIC: [8] Trying to get property of non-object C:\laragon\www\ThinkPhpWechat\Application\Admin\Controller\EmailController.class.php 第 30 行.
INFO: [ app_end ] --START--
INFO: Run Behavior\ShowPageTraceBehavior [ RunTime:0.002000s ]
INFO: [ app_end ] --END-- [ RunTime:0.002000s ]

[ 2017-03-23T12:56:18+08:00 ] 127.0.0.1 /admin/email/all_email
INFO: [ app_init ] --START--
INFO: Run Behavior\BuildLiteBehavior [ RunTime:0.000000s ]
INFO: [ app_init ] --END-- [ RunTime:0.000000s ]
INFO: [ app_begin ] --START--
INFO: Run Behavior\ReadHtmlCacheBehavior [ RunTime:0.002000s ]
INFO: [ app_begin ] --END-- [ RunTime:0.003000s ]
SQL: SHOW COLUMNS FROM `user` [ RunTime:0.0150s ]
SQL: SELECT `email` FROM `user`  [ RunTime:0.0000s ]
SQL: SHOW COLUMNS FROM `email` [ RunTime:0.0140s ]
NOTIC: [8] Trying to get property of non-object C:\laragon\www\ThinkPhpWechat\Application\Admin\Controller\EmailController.class.php 第 30 行.
INFO: [ app_end ] --START--
INFO: Run Behavior\ShowPageTraceBehavior [ RunTime:0.003000s ]
INFO: [ app_end ] --END-- [ RunTime:0.003000s ]

[ 2017-03-23T12:58:20+08:00 ] 127.0.0.1 /admin/email/all_email
INFO: [ app_init ] --START--
INFO: Run Behavior\BuildLiteBehavior [ RunTime:0.000000s ]
INFO: [ app_init ] --END-- [ RunTime:0.000000s ]
INFO: [ app_begin ] --START--
INFO: Run Behavior\ReadHtmlCacheBehavior [ RunTime:0.002000s ]
INFO: [ app_begin ] --END-- [ RunTime:0.003000s ]
SQL: SHOW COLUMNS FROM `user` [ RunTime:0.0120s ]
SQL: SELECT `email` FROM `user`  [ RunTime:0.0000s ]
SQL: SHOW COLUMNS FROM `email` [ RunTime:0.0130s ]
NOTIC: [8] Trying to get property of non-object C:\laragon\www\ThinkPhpWechat\Application\Admin\Controller\EmailController.class.php 第 30 行.
INFO: [ app_end ] --START--
INFO: Run Behavior\ShowPageTraceBehavior [ RunTime:0.003000s ]
INFO: [ app_end ] --END-- [ RunTime:0.003000s ]

[ 2017-03-23T12:58:21+08:00 ] 127.0.0.1 /admin/email/all_email
INFO: [ app_init ] --START--
INFO: Run Behavior\BuildLiteBehavior [ RunTime:0.000000s ]
INFO: [ app_init ] --END-- [ RunTime:0.000000s ]
INFO: [ app_begin ] --START--
INFO: Run Behavior\ReadHtmlCacheBehavior [ RunTime:0.004001s ]
INFO: [ app_begin ] --END-- [ RunTime:0.004001s ]
SQL: SHOW COLUMNS FROM `user` [ RunTime:0.0130s ]
SQL: SELECT `email` FROM `user`  [ RunTime:0.0000s ]
SQL: SHOW COLUMNS FROM `email` [ RunTime:0.0130s ]
NOTIC: [8] Trying to get property of non-object C:\laragon\www\ThinkPhpWechat\Application\Admin\Controller\EmailController.class.php 第 30 行.
INFO: [ app_end ] --START--
INFO: Run Behavior\ShowPageTraceBehavior [ RunTime:0.002000s ]
INFO: [ app_end ] --END-- [ RunTime:0.002000s ]

[ 2017-03-23T12:58:22+08:00 ] 127.0.0.1 /admin/email/all_email
INFO: [ app_init ] --START--
INFO: Run Behavior\BuildLiteBehavior [ RunTime:0.000000s ]
INFO: [ app_init ] --END-- [ RunTime:0.000000s ]
INFO: [ app_begin ] --START--
INFO: Run Behavior\ReadHtmlCacheBehavior [ RunTime:0.002000s ]
INFO: [ app_begin ] --END-- [ RunTime:0.002000s ]
SQL: SHOW COLUMNS FROM `user` [ RunTime:0.0110s ]
SQL: SELECT `email` FROM `user`  [ RunTime:0.0000s ]
SQL: SHOW COLUMNS FROM `email` [ RunTime:0.0130s ]
NOTIC: [8] Trying to get property of non-object C:\laragon\www\ThinkPhpWechat\Application\Admin\Controller\EmailController.class.php 第 30 行.
INFO: [ app_end ] --START--
INFO: Run Behavior\ShowPageTraceBehavior [ RunTime:0.003000s ]
INFO: [ app_end ] --END-- [ RunTime:0.003000s ]

[ 2017-03-23T12:58:23+08:00 ] 127.0.0.1 /admin/email/all_email
INFO: [ app_init ] --START--
INFO: Run Behavior\BuildLiteBehavior [ RunTime:0.000000s ]
INFO: [ app_init ] --END-- [ RunTime:0.000000s ]
INFO: [ app_begin ] --START--
INFO: Run Behavior\ReadHtmlCacheBehavior [ RunTime:0.002000s ]
INFO: [ app_begin ] --END-- [ RunTime:0.002000s ]
SQL: SHOW COLUMNS FROM `user` [ RunTime:0.0150s ]
SQL: SELECT `email` FROM `user`  [ RunTime:0.0000s ]
SQL: SHOW COLUMNS FROM `email` [ RunTime:0.0160s ]
NOTIC: [8] Trying to get property of non-object C:\laragon\www\ThinkPhpWechat\Application\Admin\Controller\EmailController.class.php 第 30 行.
INFO: [ app_end ] --START--
INFO: Run Behavior\ShowPageTraceBehavior [ RunTime:0.002000s ]
INFO: [ app_end ] --END-- [ RunTime:0.002000s ]

[ 2017-03-23T12:58:24+08:00 ] 127.0.0.1 /admin/email/all_email
INFO: [ app_init ] --START--
INFO: Run Behavior\BuildLiteBehavior [ RunTime:0.000000s ]
INFO: [ app_init ] --END-- [ RunTime:0.000000s ]
INFO: [ app_begin ] --START--
INFO: Run Behavior\ReadHtmlCacheBehavior [ RunTime:0.002000s ]
INFO: [ app_begin ] --END-- [ RunTime:0.002000s ]
SQL: SHOW COLUMNS FROM `user` [ RunTime:0.0110s ]
SQL: SELECT `email` FROM `user`  [ RunTime:0.0000s ]
SQL: SHOW COLUMNS FROM `email` [ RunTime:0.0110s ]
NOTIC: [8] Trying to get property of non-object C:\laragon\www\ThinkPhpWechat\Application\Admin\Controller\EmailController.class.php 第 30 行.
INFO: [ app_end ] --START--
INFO: Run Behavior\ShowPageTraceBehavior [ RunTime:0.003000s ]
INFO: [ app_end ] --END-- [ RunTime:0.003000s ]

[ 2017-03-23T12:58:24+08:00 ] 127.0.0.1 /admin/email/all_email
INFO: [ app_init ] --START--
INFO: Run Behavior\BuildLiteBehavior [ RunTime:0.000000s ]
INFO: [ app_init ] --END-- [ RunTime:0.000000s ]
INFO: [ app_begin ] --START--
INFO: Run Behavior\ReadHtmlCacheBehavior [ RunTime:0.002000s ]
INFO: [ app_begin ] --END-- [ RunTime:0.002000s ]
SQL: SHOW COLUMNS FROM `user` [ RunTime:0.0140s ]
SQL: SELECT `email` FROM `user`  [ RunTime:0.0000s ]
SQL: SHOW COLUMNS FROM `email` [ RunTime:0.0120s ]
NOTIC: [8] Trying to get property of non-object C:\laragon\www\ThinkPhpWechat\Application\Admin\Controller\EmailController.class.php 第 30 行.
INFO: [ app_end ] --START--
INFO: Run Behavior\ShowPageTraceBehavior [ RunTime:0.002000s ]
INFO: [ app_end ] --END-- [ RunTime:0.002000s ]

[ 2017-03-23T12:58:25+08:00 ] 127.0.0.1 /admin/email/all_email
INFO: [ app_init ] --START--
INFO: Run Behavior\BuildLiteBehavior [ RunTime:0.000000s ]
INFO: [ app_init ] --END-- [ RunTime:0.000000s ]
INFO: [ app_begin ] --START--
INFO: Run Behavior\ReadHtmlCacheBehavior [ RunTime:0.003000s ]
INFO: [ app_begin ] --END-- [ RunTime:0.003000s ]
SQL: SHOW COLUMNS FROM `user` [ RunTime:0.0150s ]
SQL: SELECT `email` FROM `user`  [ RunTime:0.0000s ]
SQL: SHOW COLUMNS FROM `email` [ RunTime:0.0140s ]
NOTIC: [8] Trying to get property of non-object C:\laragon\www\ThinkPhpWechat\Application\Admin\Controller\EmailController.class.php 第 30 行.
INFO: [ app_end ] --START--
INFO: Run Behavior\ShowPageTraceBehavior [ RunTime:0.003001s ]
INFO: [ app_end ] --END-- [ RunTime:0.003001s ]

[ 2017-03-23T12:59:53+08:00 ] 127.0.0.1 /admin/email/all_email
INFO: [ app_init ] --START--
INFO: Run Behavior\BuildLiteBehavior [ RunTime:0.000000s ]
INFO: [ app_init ] --END-- [ RunTime:0.000000s ]
INFO: [ app_begin ] --START--
INFO: Run Behavior\ReadHtmlCacheBehavior [ RunTime:0.002000s ]
INFO: [ app_begin ] --END-- [ RunTime:0.002000s ]
SQL: SHOW COLUMNS FROM `user` [ RunTime:0.0140s ]
SQL: SELECT `email` FROM `user`  [ RunTime:0.0000s ]
ERR: ERR wrong number of arguments for 'lpop' command

[ 2017-03-23T13:03:30+08:00 ] 127.0.0.1 /admin/email/all_email
INFO: [ app_init ] --START--
INFO: Run Behavior\BuildLiteBehavior [ RunTime:0.000000s ]
INFO: [ app_init ] --END-- [ RunTime:0.000000s ]
INFO: [ app_begin ] --START--
INFO: Run Behavior\ReadHtmlCacheBehavior [ RunTime:0.003000s ]
INFO: [ app_begin ] --END-- [ RunTime:0.003000s ]
SQL: SHOW COLUMNS FROM `user` [ RunTime:0.0170s ]
SQL: SELECT `email` FROM `user`  [ RunTime:0.0010s ]
SQL: SHOW COLUMNS FROM `email` [ RunTime:0.0160s ]
NOTIC: [8] Trying to get property of non-object C:\laragon\www\ThinkPhpWechat\Application\Admin\Controller\EmailController.class.php 第 30 行.
INFO: [ app_end ] --START--
INFO: Run Behavior\ShowPageTraceBehavior [ RunTime:0.003000s ]
INFO: [ app_end ] --END-- [ RunTime:0.003000s ]

[ 2017-03-23T13:06:32+08:00 ] 127.0.0.1 /admin/email/all_email
INFO: [ app_init ] --START--
INFO: Run Behavior\BuildLiteBehavior [ RunTime:0.000000s ]
INFO: [ app_init ] --END-- [ RunTime:0.000000s ]
INFO: [ app_begin ] --START--
INFO: Run Behavior\ReadHtmlCacheBehavior [ RunTime:0.006000s ]
INFO: [ app_begin ] --END-- [ RunTime:0.006000s ]
SQL: SHOW COLUMNS FROM `user` [ RunTime:0.0130s ]
SQL: SELECT `email` FROM `user`  [ RunTime:0.0000s ]
SQL: SHOW COLUMNS FROM `email` [ RunTime:0.0190s ]
NOTIC: [8] Trying to get property of non-object C:\laragon\www\ThinkPhpWechat\Application\Admin\Controller\EmailController.class.php 第 33 行.
INFO: [ app_end ] --START--
INFO: Run Behavior\ShowPageTraceBehavior [ RunTime:0.003000s ]
INFO: [ app_end ] --END-- [ RunTime:0.004000s ]

[ 2017-03-23T13:06:34+08:00 ] 127.0.0.1 /admin/email/all_email
INFO: [ app_init ] --START--
INFO: Run Behavior\BuildLiteBehavior [ RunTime:0.000000s ]
INFO: [ app_init ] --END-- [ RunTime:0.000000s ]
INFO: [ app_begin ] --START--
INFO: Run Behavior\ReadHtmlCacheBehavior [ RunTime:0.002000s ]
INFO: [ app_begin ] --END-- [ RunTime:0.002000s ]
SQL: SHOW COLUMNS FROM `user` [ RunTime:0.0180s ]
SQL: SELECT `email` FROM `user`  [ RunTime:0.0000s ]
SQL: SHOW COLUMNS FROM `email` [ RunTime:0.0120s ]
NOTIC: [8] Trying to get property of non-object C:\laragon\www\ThinkPhpWechat\Application\Admin\Controller\EmailController.class.php 第 33 行.
INFO: [ app_end ] --START--
INFO: Run Behavior\ShowPageTraceBehavior [ RunTime:0.002000s ]
INFO: [ app_end ] --END-- [ RunTime:0.002000s ]

[ 2017-03-23T13:06:35+08:00 ] 127.0.0.1 /admin/email/all_email
INFO: [ app_init ] --START--
INFO: Run Behavior\BuildLiteBehavior [ RunTime:0.000000s ]
INFO: [ app_init ] --END-- [ RunTime:0.000000s ]
INFO: [ app_begin ] --START--
INFO: Run Behavior\ReadHtmlCacheBehavior [ RunTime:0.004000s ]
INFO: [ app_begin ] --END-- [ RunTime:0.004000s ]
SQL: SHOW COLUMNS FROM `user` [ RunTime:0.0110s ]
SQL: SELECT `email` FROM `user`  [ RunTime:0.0000s ]
SQL: SHOW COLUMNS FROM `email` [ RunTime:0.0130s ]
NOTIC: [8] Trying to get property of non-object C:\laragon\www\ThinkPhpWechat\Application\Admin\Controller\EmailController.class.php 第 33 行.
INFO: [ app_end ] --START--
INFO: Run Behavior\ShowPageTraceBehavior [ RunTime:0.002000s ]
INFO: [ app_end ] --END-- [ RunTime:0.002000s ]

[ 2017-03-23T13:06:36+08:00 ] 127.0.0.1 /admin/email/all_email
INFO: [ app_init ] --START--
INFO: Run Behavior\BuildLiteBehavior [ RunTime:0.000000s ]
INFO: [ app_init ] --END-- [ RunTime:0.000000s ]
INFO: [ app_begin ] --START--
INFO: Run Behavior\ReadHtmlCacheBehavior [ RunTime:0.002000s ]
INFO: [ app_begin ] --END-- [ RunTime:0.002000s ]
SQL: SHOW COLUMNS FROM `user` [ RunTime:0.0120s ]
SQL: SELECT `email` FROM `user`  [ RunTime:0.0000s ]
SQL: SHOW COLUMNS FROM `email` [ RunTime:0.0120s ]
NOTIC: [8] Trying to get property of non-object C:\laragon\www\ThinkPhpWechat\Application\Admin\Controller\EmailController.class.php 第 33 行.
INFO: [ app_end ] --START--
INFO: Run Behavior\ShowPageTraceBehavior [ RunTime:0.003000s ]
INFO: [ app_end ] --END-- [ RunTime:0.003000s ]

[ 2017-03-23T13:06:36+08:00 ] 127.0.0.1 /admin/email/all_email
INFO: [ app_init ] --START--
INFO: Run Behavior\BuildLiteBehavior [ RunTime:0.000000s ]
INFO: [ app_init ] --END-- [ RunTime:0.001000s ]
INFO: [ app_begin ] --START--
INFO: Run Behavior\ReadHtmlCacheBehavior [ RunTime:0.004000s ]
INFO: [ app_begin ] --END-- [ RunTime:0.004000s ]
SQL: SHOW COLUMNS FROM `user` [ RunTime:0.0130s ]
SQL: SELECT `email` FROM `user`  [ RunTime:0.0000s ]
SQL: SHOW COLUMNS FROM `email` [ RunTime:0.0150s ]
NOTIC: [8] Trying to get property of non-object C:\laragon\www\ThinkPhpWechat\Application\Admin\Controller\EmailController.class.php 第 33 行.
INFO: [ app_end ] --START--
INFO: Run Behavior\ShowPageTraceBehavior [ RunTime:0.003000s ]
INFO: [ app_end ] --END-- [ RunTime:0.003000s ]

[ 2017-03-23T13:06:37+08:00 ] 127.0.0.1 /admin/email/all_email
INFO: [ app_init ] --START--
INFO: Run Behavior\BuildLiteBehavior [ RunTime:0.000000s ]
INFO: [ app_init ] --END-- [ RunTime:0.000000s ]
INFO: [ app_begin ] --START--
INFO: Run Behavior\ReadHtmlCacheBehavior [ RunTime:0.003000s ]
INFO: [ app_begin ] --END-- [ RunTime:0.003000s ]
SQL: SHOW COLUMNS FROM `user` [ RunTime:0.0140s ]
SQL: SELECT `email` FROM `user`  [ RunTime:0.0000s ]
SQL: SHOW COLUMNS FROM `email` [ RunTime:0.0110s ]
NOTIC: [8] Trying to get property of non-object C:\laragon\www\ThinkPhpWechat\Application\Admin\Controller\EmailController.class.php 第 33 行.
INFO: [ app_end ] --START--
INFO: Run Behavior\ShowPageTraceBehavior [ RunTime:0.002000s ]
INFO: [ app_end ] --END-- [ RunTime:0.002000s ]

[ 2017-03-23T13:06:38+08:00 ] 127.0.0.1 /admin/email/all_email
INFO: [ app_init ] --START--
INFO: Run Behavior\BuildLiteBehavior [ RunTime:0.000000s ]
INFO: [ app_init ] --END-- [ RunTime:0.001000s ]
INFO: [ app_begin ] --START--
INFO: Run Behavior\ReadHtmlCacheBehavior [ RunTime:0.003000s ]
INFO: [ app_begin ] --END-- [ RunTime:0.003000s ]
SQL: SHOW COLUMNS FROM `user` [ RunTime:0.0130s ]
SQL: SELECT `email` FROM `user`  [ RunTime:0.0000s ]
SQL: SHOW COLUMNS FROM `email` [ RunTime:0.0100s ]
NOTIC: [8] Trying to get property of non-object C:\laragon\www\ThinkPhpWechat\Application\Admin\Controller\EmailController.class.php 第 33 行.
INFO: [ app_end ] --START--
INFO: Run Behavior\ShowPageTraceBehavior [ RunTime:0.002000s ]
INFO: [ app_end ] --END-- [ RunTime:0.002000s ]

[ 2017-03-23T13:06:40+08:00 ] 127.0.0.1 /admin/email/all_email
INFO: [ app_init ] --START--
INFO: Run Behavior\BuildLiteBehavior [ RunTime:0.000000s ]
INFO: [ app_init ] --END-- [ RunTime:0.000000s ]
INFO: [ app_begin ] --START--
INFO: Run Behavior\ReadHtmlCacheBehavior [ RunTime:0.004001s ]
INFO: [ app_begin ] --END-- [ RunTime:0.004001s ]
SQL: SHOW COLUMNS FROM `user` [ RunTime:0.0160s ]
SQL: SELECT `email` FROM `user`  [ RunTime:0.0000s ]
SQL: SHOW COLUMNS FROM `email` [ RunTime:0.0110s ]
NOTIC: [8] Trying to get property of non-object C:\laragon\www\ThinkPhpWechat\Application\Admin\Controller\EmailController.class.php 第 33 行.
INFO: [ app_end ] --START--
INFO: Run Behavior\ShowPageTraceBehavior [ RunTime:0.002001s ]
INFO: [ app_end ] --END-- [ RunTime:0.002001s ]

[ 2017-03-23T13:06:40+08:00 ] 127.0.0.1 /admin/email/all_email
INFO: [ app_init ] --START--
INFO: Run Behavior\BuildLiteBehavior [ RunTime:0.000000s ]
INFO: [ app_init ] --END-- [ RunTime:0.001000s ]
INFO: [ app_begin ] --START--
INFO: Run Behavior\ReadHtmlCacheBehavior [ RunTime:0.002000s ]
INFO: [ app_begin ] --END-- [ RunTime:0.002000s ]
SQL: SHOW COLUMNS FROM `user` [ RunTime:0.0150s ]
SQL: SELECT `email` FROM `user`  [ RunTime:0.0010s ]
SQL: SHOW COLUMNS FROM `email` [ RunTime:0.0130s ]
NOTIC: [8] Trying to get property of non-object C:\laragon\www\ThinkPhpWechat\Application\Admin\Controller\EmailController.class.php 第 33 行.
INFO: [ app_end ] --START--
INFO: Run Behavior\ShowPageTraceBehavior [ RunTime:0.003000s ]
INFO: [ app_end ] --END-- [ RunTime:0.003000s ]

[ 2017-03-23T13:09:48+08:00 ] 127.0.0.1 /admin/email/all_email
INFO: [ app_init ] --START--
INFO: Run Behavior\BuildLiteBehavior [ RunTime:0.000000s ]
INFO: [ app_init ] --END-- [ RunTime:0.000000s ]
INFO: [ app_begin ] --START--
INFO: Run Behavior\ReadHtmlCacheBehavior [ RunTime:0.003000s ]
INFO: [ app_begin ] --END-- [ RunTime:0.003000s ]
SQL: SHOW COLUMNS FROM `user` [ RunTime:0.0100s ]
SQL: SELECT `email` FROM `user`  [ RunTime:0.0000s ]
SQL: SHOW COLUMNS FROM `email` [ RunTime:0.0180s ]
NOTIC: [8] Trying to get property of non-object C:\laragon\www\ThinkPhpWechat\Application\Admin\Controller\EmailController.class.php 第 38 行.
INFO: [ app_end ] --START--
INFO: Run Behavior\ShowPageTraceBehavior [ RunTime:0.003000s ]
INFO: [ app_end ] --END-- [ RunTime:0.003000s ]

[ 2017-03-23T13:09:49+08:00 ] 127.0.0.1 /admin/email/all_email
INFO: [ app_init ] --START--
INFO: Run Behavior\BuildLiteBehavior [ RunTime:0.000000s ]
INFO: [ app_init ] --END-- [ RunTime:0.000000s ]
INFO: [ app_begin ] --START--
INFO: Run Behavior\ReadHtmlCacheBehavior [ RunTime:0.002000s ]
INFO: [ app_begin ] --END-- [ RunTime:0.002000s ]
SQL: SHOW COLUMNS FROM `user` [ RunTime:0.0160s ]
SQL: SELECT `email` FROM `user`  [ RunTime:0.0000s ]
SQL: SHOW COLUMNS FROM `email` [ RunTime:0.0110s ]
NOTIC: [8] Trying to get property of non-object C:\laragon\www\ThinkPhpWechat\Application\Admin\Controller\EmailController.class.php 第 38 行.
INFO: [ app_end ] --START--
INFO: Run Behavior\ShowPageTraceBehavior [ RunTime:0.004000s ]
INFO: [ app_end ] --END-- [ RunTime:0.004000s ]

[ 2017-03-23T13:09:50+08:00 ] 127.0.0.1 /admin/email/all_email
INFO: [ app_init ] --START--
INFO: Run Behavior\BuildLiteBehavior [ RunTime:0.000000s ]
INFO: [ app_init ] --END-- [ RunTime:0.000000s ]
INFO: [ app_begin ] --START--
INFO: Run Behavior\ReadHtmlCacheBehavior [ RunTime:0.001000s ]
INFO: [ app_begin ] --END-- [ RunTime:0.001000s ]
SQL: SHOW COLUMNS FROM `user` [ RunTime:0.0120s ]
SQL: SELECT `email` FROM `user`  [ RunTime:0.0000s ]
SQL: SHOW COLUMNS FROM `email` [ RunTime:0.0120s ]
NOTIC: [8] Trying to get property of non-object C:\laragon\www\ThinkPhpWechat\Application\Admin\Controller\EmailController.class.php 第 38 行.
INFO: [ app_end ] --START--
INFO: Run Behavior\ShowPageTraceBehavior [ RunTime:0.003000s ]
INFO: [ app_end ] --END-- [ RunTime:0.003000s ]

[ 2017-03-23T13:09:51+08:00 ] 127.0.0.1 /admin/email/all_email
INFO: [ app_init ] --START--
INFO: Run Behavior\BuildLiteBehavior [ RunTime:0.000000s ]
INFO: [ app_init ] --END-- [ RunTime:0.000000s ]
INFO: [ app_begin ] --START--
INFO: Run Behavior\ReadHtmlCacheBehavior [ RunTime:0.002000s ]
INFO: [ app_begin ] --END-- [ RunTime:0.002000s ]
SQL: SHOW COLUMNS FROM `user` [ RunTime:0.0190s ]
SQL: SELECT `email` FROM `user`  [ RunTime:0.0000s ]
SQL: SHOW COLUMNS FROM `email` [ RunTime:0.0130s ]
NOTIC: [8] Trying to get property of non-object C:\laragon\www\ThinkPhpWechat\Application\Admin\Controller\EmailController.class.php 第 38 行.
INFO: [ app_end ] --START--
INFO: Run Behavior\ShowPageTraceBehavior [ RunTime:0.002000s ]
INFO: [ app_end ] --END-- [ RunTime:0.002000s ]

[ 2017-03-23T13:09:52+08:00 ] 127.0.0.1 /admin/email/all_email
INFO: [ app_init ] --START--
INFO: Run Behavior\BuildLiteBehavior [ RunTime:0.000000s ]
INFO: [ app_init ] --END-- [ RunTime:0.000000s ]
INFO: [ app_begin ] --START--
INFO: Run Behavior\ReadHtmlCacheBehavior [ RunTime:0.002000s ]
INFO: [ app_begin ] --END-- [ RunTime:0.002000s ]
SQL: SHOW COLUMNS FROM `user` [ RunTime:0.0090s ]
SQL: SELECT `email` FROM `user`  [ RunTime:0.0000s ]
SQL: SHOW COLUMNS FROM `email` [ RunTime:0.0100s ]
NOTIC: [8] Trying to get property of non-object C:\laragon\www\ThinkPhpWechat\Application\Admin\Controller\EmailController.class.php 第 38 行.
INFO: [ app_end ] --START--
INFO: Run Behavior\ShowPageTraceBehavior [ RunTime:0.002000s ]
INFO: [ app_end ] --END-- [ RunTime:0.002000s ]

[ 2017-03-23T13:12:15+08:00 ] 127.0.0.1 /admin/email/all_email
INFO: [ app_init ] --START--
INFO: Run Behavior\BuildLiteBehavior [ RunTime:0.000000s ]
INFO: [ app_init ] --END-- [ RunTime:0.001000s ]
INFO: [ app_begin ] --START--
INFO: Run Behavior\ReadHtmlCacheBehavior [ RunTime:0.005000s ]
INFO: [ app_begin ] --END-- [ RunTime:0.006000s ]
SQL: SHOW COLUMNS FROM `user` [ RunTime:0.0110s ]
SQL: SELECT `email` FROM `user`  [ RunTime:0.0000s ]
SQL: SHOW COLUMNS FROM `email` [ RunTime:0.0100s ]
SQL: INSERT INTO `email` (`email`) VALUES ('15927693861@163.com') [ RunTime:0.0030s ]
INFO: [ app_end ] --START--
INFO: Run Behavior\ShowPageTraceBehavior [ RunTime:0.003000s ]
INFO: [ app_end ] --END-- [ RunTime:0.003000s ]

[ 2017-03-23T13:12:18+08:00 ] 127.0.0.1 /admin/email/all_email
INFO: [ app_init ] --START--
INFO: Run Behavior\BuildLiteBehavior [ RunTime:0.000000s ]
INFO: [ app_init ] --END-- [ RunTime:0.000000s ]
INFO: [ app_begin ] --START--
INFO: Run Behavior\ReadHtmlCacheBehavior [ RunTime:0.001000s ]
INFO: [ app_begin ] --END-- [ RunTime:0.001000s ]
SQL: SHOW COLUMNS FROM `user` [ RunTime:0.0150s ]
SQL: SELECT `email` FROM `user`  [ RunTime:0.0000s ]
SQL: SHOW COLUMNS FROM `email` [ RunTime:0.0120s ]
SQL: INSERT INTO `email` (`email`) VALUES ('15927693861@163.com') [ RunTime:0.0020s ]
INFO: [ app_end ] --START--
INFO: Run Behavior\ShowPageTraceBehavior [ RunTime:0.002000s ]
INFO: [ app_end ] --END-- [ RunTime:0.002000s ]

[ 2017-03-23T13:12:19+08:00 ] 127.0.0.1 /admin/email/all_email
INFO: [ app_init ] --START--
INFO: Run Behavior\BuildLiteBehavior [ RunTime:0.000000s ]
INFO: [ app_init ] --END-- [ RunTime:0.000000s ]
INFO: [ app_begin ] --START--
INFO: Run Behavior\ReadHtmlCacheBehavior [ RunTime:0.002000s ]
INFO: [ app_begin ] --END-- [ RunTime:0.002000s ]
SQL: SHOW COLUMNS FROM `user` [ RunTime:0.0140s ]
SQL: SELECT `email` FROM `user`  [ RunTime:0.0000s ]
SQL: SHOW COLUMNS FROM `email` [ RunTime:0.0130s ]
SQL: INSERT INTO `email` (`email`) VALUES ('15927693861@163.com') [ RunTime:0.0030s ]
INFO: [ app_end ] --START--
INFO: Run Behavior\ShowPageTraceBehavior [ RunTime:0.004000s ]
INFO: [ app_end ] --END-- [ RunTime:0.004000s ]

[ 2017-03-23T13:12:20+08:00 ] 127.0.0.1 /admin/email/all_email
INFO: [ app_init ] --START--
INFO: Run Behavior\BuildLiteBehavior [ RunTime:0.000000s ]
INFO: [ app_init ] --END-- [ RunTime:0.000000s ]
INFO: [ app_begin ] --START--
INFO: Run Behavior\ReadHtmlCacheBehavior [ RunTime:0.001000s ]
INFO: [ app_begin ] --END-- [ RunTime:0.001000s ]
SQL: SHOW COLUMNS FROM `user` [ RunTime:0.0110s ]
SQL: SELECT `email` FROM `user`  [ RunTime:0.0000s ]
SQL: SHOW COLUMNS FROM `email` [ RunTime:0.0130s ]
SQL: INSERT INTO `email` (`email`) VALUES ('15927693861@163.com') [ RunTime:0.0020s ]
INFO: [ app_end ] --START--
INFO: Run Behavior\ShowPageTraceBehavior [ RunTime:0.003000s ]
INFO: [ app_end ] --END-- [ RunTime:0.003000s ]

[ 2017-03-23T13:12:20+08:00 ] 127.0.0.1 /admin/email/all_email
INFO: [ app_init ] --START--
INFO: Run Behavior\BuildLiteBehavior [ RunTime:0.000000s ]
INFO: [ app_init ] --END-- [ RunTime:0.000000s ]
INFO: [ app_begin ] --START--
INFO: Run Behavior\ReadHtmlCacheBehavior [ RunTime:0.004000s ]
INFO: [ app_begin ] --END-- [ RunTime:0.005001s ]
SQL: SHOW COLUMNS FROM `user` [ RunTime:0.0150s ]
SQL: SELECT `email` FROM `user`  [ RunTime:0.0010s ]
SQL: SHOW COLUMNS FROM `email` [ RunTime:0.0160s ]
SQL: INSERT INTO `email` (`email`) VALUES ('15927693861@163.com') [ RunTime:0.0020s ]
INFO: [ app_end ] --START--
INFO: Run Behavior\ShowPageTraceBehavior [ RunTime:0.003000s ]
INFO: [ app_end ] --END-- [ RunTime:0.003000s ]

[ 2017-03-23T13:13:21+08:00 ] 127.0.0.1 /admin/email/all_email
INFO: [ app_init ] --START--
INFO: Run Behavior\BuildLiteBehavior [ RunTime:0.000000s ]
INFO: [ app_init ] --END-- [ RunTime:0.000000s ]
INFO: [ app_begin ] --START--
INFO: Run Behavior\ReadHtmlCacheBehavior [ RunTime:0.009001s ]
INFO: [ app_begin ] --END-- [ RunTime:0.009001s ]
SQL: SHOW COLUMNS FROM `user` [ RunTime:0.0120s ]
SQL: SELECT `email` FROM `user`  [ RunTime:0.0000s ]
SQL: SHOW COLUMNS FROM `email` [ RunTime:0.0150s ]
SQL: INSERT INTO `email` (`email`) VALUES ('15927693861@163.com') [ RunTime:0.0020s ]
INFO: [ app_end ] --START--
INFO: Run Behavior\ShowPageTraceBehavior [ RunTime:0.002000s ]
INFO: [ app_end ] --END-- [ RunTime:0.002000s ]

[ 2017-03-23T13:13:22+08:00 ] 127.0.0.1 /admin/email/all_email
INFO: [ app_init ] --START--
INFO: Run Behavior\BuildLiteBehavior [ RunTime:0.000000s ]
INFO: [ app_init ] --END-- [ RunTime:0.001000s ]
INFO: [ app_begin ] --START--
INFO: Run Behavior\ReadHtmlCacheBehavior [ RunTime:0.003000s ]
INFO: [ app_begin ] --END-- [ RunTime:0.003000s ]
SQL: SHOW COLUMNS FROM `user` [ RunTime:0.0150s ]
SQL: SELECT `email` FROM `user`  [ RunTime:0.0000s ]
SQL: SHOW COLUMNS FROM `email` [ RunTime:0.0100s ]
SQL: INSERT INTO `email` (`email`) VALUES ('15927693861@163.com') [ RunTime:0.0010s ]
INFO: [ app_end ] --START--
INFO: Run Behavior\ShowPageTraceBehavior [ RunTime:0.002000s ]
INFO: [ app_end ] --END-- [ RunTime:0.002000s ]

[ 2017-03-23T13:13:23+08:00 ] 127.0.0.1 /admin/email/all_email
INFO: [ app_init ] --START--
INFO: Run Behavior\BuildLiteBehavior [ RunTime:0.000000s ]
INFO: [ app_init ] --END-- [ RunTime:0.000000s ]
INFO: [ app_begin ] --START--
INFO: Run Behavior\ReadHtmlCacheBehavior [ RunTime:0.002000s ]
INFO: [ app_begin ] --END-- [ RunTime:0.002000s ]
SQL: SHOW COLUMNS FROM `user` [ RunTime:0.0150s ]
SQL: SELECT `email` FROM `user`  [ RunTime:0.0000s ]
SQL: SHOW COLUMNS FROM `email` [ RunTime:0.0150s ]
SQL: INSERT INTO `email` (`email`) VALUES ('15927693861@163.com') [ RunTime:0.0030s ]
INFO: [ app_end ] --START--
INFO: Run Behavior\ShowPageTraceBehavior [ RunTime:0.004000s ]
INFO: [ app_end ] --END-- [ RunTime:0.004000s ]

[ 2017-03-23T13:13:23+08:00 ] 127.0.0.1 /admin/email/all_email
INFO: [ app_init ] --START--
INFO: Run Behavior\BuildLiteBehavior [ RunTime:0.000000s ]
INFO: [ app_init ] --END-- [ RunTime:0.000000s ]
INFO: [ app_begin ] --START--
INFO: Run Behavior\ReadHtmlCacheBehavior [ RunTime:0.001000s ]
INFO: [ app_begin ] --END-- [ RunTime:0.001000s ]
SQL: SHOW COLUMNS FROM `user` [ RunTime:0.0100s ]
SQL: SELECT `email` FROM `user`  [ RunTime:0.0010s ]
SQL: SHOW COLUMNS FROM `email` [ RunTime:0.0120s ]
SQL: INSERT INTO `email` (`email`) VALUES ('15927693861@163.com') [ RunTime:0.0020s ]
INFO: [ app_end ] --START--
INFO: Run Behavior\ShowPageTraceBehavior [ RunTime:0.002000s ]
INFO: [ app_end ] --END-- [ RunTime:0.002000s ]

[ 2017-03-23T13:14:05+08:00 ] 127.0.0.1 /admin/email/all_email
INFO: [ app_init ] --START--
INFO: Run Behavior\BuildLiteBehavior [ RunTime:0.000000s ]
INFO: [ app_init ] --END-- [ RunTime:0.000000s ]
INFO: [ app_begin ] --START--
INFO: Run Behavior\ReadHtmlCacheBehavior [ RunTime:0.003000s ]
INFO: [ app_begin ] --END-- [ RunTime:0.003000s ]
SQL: SHOW COLUMNS FROM `user` [ RunTime:0.0130s ]
SQL: SELECT `email` FROM `user`  [ RunTime:0.0010s ]
SQL: SHOW COLUMNS FROM `email` [ RunTime:0.0150s ]
SQL: INSERT INTO `email` (`email`) VALUES ('815091495@qq.com') [ RunTime:0.0020s ]
SQL: INSERT INTO `email` (`email`) VALUES ('15927693861@163.com') [ RunTime:0.0010s ]
INFO: [ app_end ] --START--
INFO: Run Behavior\ShowPageTraceBehavior [ RunTime:0.002000s ]
INFO: [ app_end ] --END-- [ RunTime:0.002000s ]

[ 2017-03-23T13:14:06+08:00 ] 127.0.0.1 /admin/email/all_email
INFO: [ app_init ] --START--
INFO: Run Behavior\BuildLiteBehavior [ RunTime:0.000000s ]
INFO: [ app_init ] --END-- [ RunTime:0.000000s ]
INFO: [ app_begin ] --START--
INFO: Run Behavior\ReadHtmlCacheBehavior [ RunTime:0.002000s ]
INFO: [ app_begin ] --END-- [ RunTime:0.003000s ]
SQL: SHOW COLUMNS FROM `user` [ RunTime:0.0150s ]
SQL: SELECT `email` FROM `user`  [ RunTime:0.0000s ]
SQL: SHOW COLUMNS FROM `email` [ RunTime:0.0130s ]
SQL: INSERT INTO `email` (`email`) VALUES ('815091495@qq.com') [ RunTime:0.0030s ]
SQL: INSERT INTO `email` (`email`) VALUES ('15927693861@163.com') [ RunTime:0.0020s ]
INFO: [ app_end ] --START--
INFO: Run Behavior\ShowPageTraceBehavior [ RunTime:0.003000s ]
INFO: [ app_end ] --END-- [ RunTime:0.003000s ]

[ 2017-03-23T13:14:06+08:00 ] 127.0.0.1 /admin/email/all_email
INFO: [ app_init ] --START--
INFO: Run Behavior\BuildLiteBehavior [ RunTime:0.000000s ]
INFO: [ app_init ] --END-- [ RunTime:0.000000s ]
INFO: [ app_begin ] --START--
INFO: Run Behavior\ReadHtmlCacheBehavior [ RunTime:0.002000s ]
INFO: [ app_begin ] --END-- [ RunTime:0.003000s ]
SQL: SHOW COLUMNS FROM `user` [ RunTime:0.0130s ]
SQL: SELECT `email` FROM `user`  [ RunTime:0.0000s ]
SQL: SHOW COLUMNS FROM `email` [ RunTime:0.0120s ]
SQL: INSERT INTO `email` (`email`) VALUES ('815091495@qq.com') [ RunTime:0.0020s ]
SQL: INSERT INTO `email` (`email`) VALUES ('15927693861@163.com') [ RunTime:0.0020s ]
INFO: [ app_end ] --START--
INFO: Run Behavior\ShowPageTraceBehavior [ RunTime:0.004000s ]
INFO: [ app_end ] --END-- [ RunTime:0.004000s ]

[ 2017-03-23T13:14:07+08:00 ] 127.0.0.1 /admin/email/all_email
INFO: [ app_init ] --START--
INFO: Run Behavior\BuildLiteBehavior [ RunTime:0.000000s ]
INFO: [ app_init ] --END-- [ RunTime:0.000000s ]
INFO: [ app_begin ] --START--
INFO: Run Behavior\ReadHtmlCacheBehavior [ RunTime:0.002000s ]
INFO: [ app_begin ] --END-- [ RunTime:0.002000s ]
SQL: SHOW COLUMNS FROM `user` [ RunTime:0.0120s ]
SQL: SELECT `email` FROM `user`  [ RunTime:0.0000s ]
SQL: SHOW COLUMNS FROM `email` [ RunTime:0.0100s ]
SQL: INSERT INTO `email` (`email`) VALUES ('815091495@qq.com') [ RunTime:0.0020s ]
SQL: INSERT INTO `email` (`email`) VALUES ('15927693861@163.com') [ RunTime:0.0010s ]
INFO: [ app_end ] --START--
INFO: Run Behavior\ShowPageTraceBehavior [ RunTime:0.003000s ]
INFO: [ app_end ] --END-- [ RunTime:0.003000s ]

[ 2017-03-23T13:14:27+08:00 ] 127.0.0.1 /admin/email/all_email
INFO: [ app_init ] --START--
INFO: Run Behavior\BuildLiteBehavior [ RunTime:0.000000s ]
INFO: [ app_init ] --END-- [ RunTime:0.000000s ]
INFO: [ app_begin ] --START--
INFO: Run Behavior\ReadHtmlCacheBehavior [ RunTime:0.002000s ]
INFO: [ app_begin ] --END-- [ RunTime:0.003000s ]
SQL: SHOW COLUMNS FROM `user` [ RunTime:0.0170s ]
SQL: SELECT `email` FROM `user`  [ RunTime:0.0010s ]
SQL: SHOW COLUMNS FROM `email` [ RunTime:0.0100s ]
SQL: INSERT INTO `email` (`email`) VALUES ('815091495@qq.com') [ RunTime:0.0040s ]
SQL: INSERT INTO `email` (`email`) VALUES ('15927693861@163.com') [ RunTime:0.0010s ]
INFO: [ app_end ] --START--
INFO: Run Behavior\ShowPageTraceBehavior [ RunTime:0.001000s ]
INFO: [ app_end ] --END-- [ RunTime:0.001000s ]

[ 2017-03-23T13:14:28+08:00 ] 127.0.0.1 /admin/email/all_email
INFO: [ app_init ] --START--
INFO: Run Behavior\BuildLiteBehavior [ RunTime:0.000000s ]
INFO: [ app_init ] --END-- [ RunTime:0.000000s ]
INFO: [ app_begin ] --START--
INFO: Run Behavior\ReadHtmlCacheBehavior [ RunTime:0.001000s ]
INFO: [ app_begin ] --END-- [ RunTime:0.001000s ]
SQL: SHOW COLUMNS FROM `user` [ RunTime:0.0130s ]
SQL: SELECT `email` FROM `user`  [ RunTime:0.0010s ]
SQL: SHOW COLUMNS FROM `email` [ RunTime:0.0130s ]
SQL: INSERT INTO `email` (`email`) VALUES ('815091495@qq.com') [ RunTime:0.0020s ]
SQL: INSERT INTO `email` (`email`) VALUES ('15927693861@163.com') [ RunTime:0.0020s ]
INFO: [ app_end ] --START--
INFO: Run Behavior\ShowPageTraceBehavior [ RunTime:0.003000s ]
INFO: [ app_end ] --END-- [ RunTime:0.003000s ]

[ 2017-03-23T13:14:29+08:00 ] 127.0.0.1 /admin/email/all_email
INFO: [ app_init ] --START--
INFO: Run Behavior\BuildLiteBehavior [ RunTime:0.000000s ]
INFO: [ app_init ] --END-- [ RunTime:0.000000s ]
INFO: [ app_begin ] --START--
INFO: Run Behavior\ReadHtmlCacheBehavior [ RunTime:0.002000s ]
INFO: [ app_begin ] --END-- [ RunTime:0.002000s ]
SQL: SHOW COLUMNS FROM `user` [ RunTime:0.0110s ]
SQL: SELECT `email` FROM `user`  [ RunTime:0.0010s ]
SQL: SHOW COLUMNS FROM `email` [ RunTime:0.0110s ]
SQL: INSERT INTO `email` (`email`) VALUES ('815091495@qq.com') [ RunTime:0.0020s ]
SQL: INSERT INTO `email` (`email`) VALUES ('15927693861@163.com') [ RunTime:0.0010s ]
INFO: [ app_end ] --START--
INFO: Run Behavior\ShowPageTraceBehavior [ RunTime:0.002000s ]
INFO: [ app_end ] --END-- [ RunTime:0.002000s ]

[ 2017-03-23T13:14:30+08:00 ] 127.0.0.1 /admin/email/all_email
INFO: [ app_init ] --START--
INFO: Run Behavior\BuildLiteBehavior [ RunTime:0.000000s ]
INFO: [ app_init ] --END-- [ RunTime:0.000000s ]
INFO: [ app_begin ] --START--
INFO: Run Behavior\ReadHtmlCacheBehavior [ RunTime:0.002000s ]
INFO: [ app_begin ] --END-- [ RunTime:0.002000s ]
SQL: SHOW COLUMNS FROM `user` [ RunTime:0.0180s ]
SQL: SELECT `email` FROM `user`  [ RunTime:0.0000s ]
SQL: SHOW COLUMNS FROM `email` [ RunTime:0.0160s ]
SQL: INSERT INTO `email` (`email`) VALUES ('815091495@qq.com') [ RunTime:0.0020s ]
SQL: INSERT INTO `email` (`email`) VALUES ('15927693861@163.com') [ RunTime:0.0010s ]
INFO: [ app_end ] --START--
INFO: Run Behavior\ShowPageTraceBehavior [ RunTime:0.002000s ]
INFO: [ app_end ] --END-- [ RunTime:0.002000s ]

[ 2017-03-23T13:14:31+08:00 ] 127.0.0.1 /admin/email/all_email
INFO: [ app_init ] --START--
INFO: Run Behavior\BuildLiteBehavior [ RunTime:0.000000s ]
INFO: [ app_init ] --END-- [ RunTime:0.000000s ]
INFO: [ app_begin ] --START--
INFO: Run Behavior\ReadHtmlCacheBehavior [ RunTime:0.002000s ]
INFO: [ app_begin ] --END-- [ RunTime:0.004000s ]
SQL: SHOW COLUMNS FROM `user` [ RunTime:0.0140s ]
SQL: SELECT `email` FROM `user`  [ RunTime:0.0010s ]
SQL: SHOW COLUMNS FROM `email` [ RunTime:0.0140s ]
SQL: INSERT INTO `email` (`email`) VALUES ('815091495@qq.com') [ RunTime:0.0030s ]
SQL: INSERT INTO `email` (`email`) VALUES ('15927693861@163.com') [ RunTime:0.0010s ]
INFO: [ app_end ] --START--
INFO: Run Behavior\ShowPageTraceBehavior [ RunTime:0.003000s ]
INFO: [ app_end ] --END-- [ RunTime:0.003000s ]

[ 2017-03-23T13:14:31+08:00 ] 127.0.0.1 /admin/email/all_email
INFO: [ app_init ] --START--
INFO: Run Behavior\BuildLiteBehavior [ RunTime:0.000000s ]
INFO: [ app_init ] --END-- [ RunTime:0.000000s ]
INFO: [ app_begin ] --START--
INFO: Run Behavior\ReadHtmlCacheBehavior [ RunTime:0.003000s ]
INFO: [ app_begin ] --END-- [ RunTime:0.003000s ]
SQL: SHOW COLUMNS FROM `user` [ RunTime:0.0160s ]
SQL: SELECT `email` FROM `user`  [ RunTime:0.0010s ]
SQL: SHOW COLUMNS FROM `email` [ RunTime:0.0140s ]
SQL: INSERT INTO `email` (`email`) VALUES ('815091495@qq.com') [ RunTime:0.0030s ]
SQL: INSERT INTO `email` (`email`) VALUES ('15927693861@163.com') [ RunTime:0.0020s ]
INFO: [ app_end ] --START--
INFO: Run Behavior\ShowPageTraceBehavior [ RunTime:0.002000s ]
INFO: [ app_end ] --END-- [ RunTime:0.002000s ]

[ 2017-03-23T13:14:32+08:00 ] 127.0.0.1 /admin/email/all_email
INFO: [ app_init ] --START--
INFO: Run Behavior\BuildLiteBehavior [ RunTime:0.000000s ]
INFO: [ app_init ] --END-- [ RunTime:0.000000s ]
INFO: [ app_begin ] --START--
INFO: Run Behavior\ReadHtmlCacheBehavior [ RunTime:0.002000s ]
INFO: [ app_begin ] --END-- [ RunTime:0.002000s ]
SQL: SHOW COLUMNS FROM `user` [ RunTime:0.0150s ]
SQL: SELECT `email` FROM `user`  [ RunTime:0.0000s ]
SQL: SHOW COLUMNS FROM `email` [ RunTime:0.0110s ]
SQL: INSERT INTO `email` (`email`) VALUES ('815091495@qq.com') [ RunTime:0.0030s ]
SQL: INSERT INTO `email` (`email`) VALUES ('15927693861@163.com') [ RunTime:0.0010s ]
INFO: [ app_end ] --START--
INFO: Run Behavior\ShowPageTraceBehavior [ RunTime:0.002000s ]
INFO: [ app_end ] --END-- [ RunTime:0.002000s ]

[ 2017-03-23T13:14:32+08:00 ] 127.0.0.1 /admin/email/all_email
INFO: [ app_init ] --START--
INFO: Run Behavior\BuildLiteBehavior [ RunTime:0.000000s ]
INFO: [ app_init ] --END-- [ RunTime:0.000000s ]
INFO: [ app_begin ] --START--
INFO: Run Behavior\ReadHtmlCacheBehavior [ RunTime:0.003000s ]
INFO: [ app_begin ] --END-- [ RunTime:0.003000s ]
SQL: SHOW COLUMNS FROM `user` [ RunTime:0.0140s ]
SQL: SELECT `email` FROM `user`  [ RunTime:0.0010s ]
SQL: SHOW COLUMNS FROM `email` [ RunTime:0.0150s ]
SQL: INSERT INTO `email` (`email`) VALUES ('815091495@qq.com') [ RunTime:0.0020s ]
SQL: INSERT INTO `email` (`email`) VALUES ('15927693861@163.com') [ RunTime:0.0020s ]
INFO: [ app_end ] --START--
INFO: Run Behavior\ShowPageTraceBehavior [ RunTime:0.003001s ]
INFO: [ app_end ] --END-- [ RunTime:0.003001s ]

[ 2017-03-23T13:14:33+08:00 ] 127.0.0.1 /admin/email/all_email
INFO: [ app_init ] --START--
INFO: Run Behavior\BuildLiteBehavior [ RunTime:0.000000s ]
INFO: [ app_init ] --END-- [ RunTime:0.000000s ]
INFO: [ app_begin ] --START--
INFO: Run Behavior\ReadHtmlCacheBehavior [ RunTime:0.002001s ]
INFO: [ app_begin ] --END-- [ RunTime:0.002001s ]
SQL: SHOW COLUMNS FROM `user` [ RunTime:0.0170s ]
SQL: SELECT `email` FROM `user`  [ RunTime:0.0000s ]
SQL: SHOW COLUMNS FROM `email` [ RunTime:0.0150s ]
SQL: INSERT INTO `email` (`email`) VALUES ('815091495@qq.com') [ RunTime:0.0020s ]
SQL: INSERT INTO `email` (`email`) VALUES ('15927693861@163.com') [ RunTime:0.0010s ]
INFO: [ app_end ] --START--
INFO: Run Behavior\ShowPageTraceBehavior [ RunTime:0.003000s ]
INFO: [ app_end ] --END-- [ RunTime:0.003000s ]

[ 2017-03-23T13:15:03+08:00 ] 127.0.0.1 /admin/email/all_email
INFO: [ app_init ] --START--
INFO: Run Behavior\BuildLiteBehavior [ RunTime:0.000000s ]
INFO: [ app_init ] --END-- [ RunTime:0.000000s ]
INFO: [ app_begin ] --START--
INFO: Run Behavior\ReadHtmlCacheBehavior [ RunTime:0.001000s ]
INFO: [ app_begin ] --END-- [ RunTime:0.002000s ]
SQL: SHOW COLUMNS FROM `user` [ RunTime:0.0150s ]
SQL: SELECT `email` FROM `user`  [ RunTime:0.0010s ]
SQL: SHOW COLUMNS FROM `email` [ RunTime:0.0150s ]
SQL: INSERT INTO `email` (`email`) VALUES ('815091495@qq.com') [ RunTime:0.0020s ]
SQL: INSERT INTO `email` (`email`) VALUES ('15927693861@163.com') [ RunTime:0.0020s ]
INFO: [ app_end ] --START--
INFO: Run Behavior\ShowPageTraceBehavior [ RunTime:0.003000s ]
INFO: [ app_end ] --END-- [ RunTime:0.003000s ]

[ 2017-03-23T13:18:42+08:00 ] 127.0.0.1 /admin/email/all_email
INFO: [ app_init ] --START--
INFO: Run Behavior\BuildLiteBehavior [ RunTime:0.000000s ]
INFO: [ app_init ] --END-- [ RunTime:0.000000s ]
INFO: [ app_begin ] --START--
INFO: Run Behavior\ReadHtmlCacheBehavior [ RunTime:0.002000s ]
INFO: [ app_begin ] --END-- [ RunTime:0.002000s ]
SQL: SHOW COLUMNS FROM `user` [ RunTime:0.0120s ]
SQL: SELECT `email` FROM `user`  [ RunTime:0.0010s ]
SQL: SHOW COLUMNS FROM `email` [ RunTime:0.0120s ]
SQL: INSERT INTO `email` (`email`) VALUES ('815091495@qq.com') [ RunTime:0.0020s ]
SQL: INSERT INTO `email` (`email`) VALUES ('15927693861@163.com') [ RunTime:0.0020s ]
INFO: [ app_end ] --START--
INFO: Run Behavior\ShowPageTraceBehavior [ RunTime:0.004000s ]
INFO: [ app_end ] --END-- [ RunTime:0.004000s ]

[ 2017-03-23T13:22:18+08:00 ] 127.0.0.1 /admin/email/all_email
INFO: [ app_init ] --START--
INFO: Run Behavior\BuildLiteBehavior [ RunTime:0.000000s ]
INFO: [ app_init ] --END-- [ RunTime:0.000000s ]
INFO: [ app_begin ] --START--
INFO: Run Behavior\ReadHtmlCacheBehavior [ RunTime:0.004000s ]
INFO: [ app_begin ] --END-- [ RunTime:0.005000s ]
SQL: SHOW COLUMNS FROM `user` [ RunTime:0.0150s ]
SQL: SELECT `email` FROM `user`  [ RunTime:0.0010s ]
SQL: SHOW COLUMNS FROM `email` [ RunTime:0.0140s ]
SQL: INSERT INTO `email` (`email`) VALUES ('815091495@qq.com') [ RunTime:0.0020s ]
SQL: INSERT INTO `email` (`email`) VALUES ('15927693861@163.com') [ RunTime:0.0020s ]
INFO: [ app_end ] --START--
INFO: Run Behavior\ShowPageTraceBehavior [ RunTime:0.004001s ]
INFO: [ app_end ] --END-- [ RunTime:0.004001s ]

[ 2017-03-23T13:59:59+08:00 ] 127.0.0.1 /admin/email/all_email
INFO: [ app_init ] --START--
INFO: Run Behavior\BuildLiteBehavior [ RunTime:0.000000s ]
INFO: [ app_init ] --END-- [ RunTime:0.001000s ]
INFO: [ app_begin ] --START--
INFO: Run Behavior\ReadHtmlCacheBehavior [ RunTime:0.004000s ]
INFO: [ app_begin ] --END-- [ RunTime:0.004000s ]
SQL: SHOW COLUMNS FROM `user` [ RunTime:0.0110s ]
SQL: SELECT `email` FROM `user`  [ RunTime:0.0000s ]
SQL: SHOW COLUMNS FROM `email` [ RunTime:0.0130s ]
SQL: INSERT INTO `email` (`email`) VALUES ('815091495@qq.com') [ RunTime:0.0020s ]
INFO: [ app_end ] --START--
INFO: Run Behavior\ShowPageTraceBehavior [ RunTime:0.004000s ]
INFO: [ app_end ] --END-- [ RunTime:0.004000s ]

[ 2017-03-23T14:01:39+08:00 ] 127.0.0.1 /admin/email/all_email
INFO: [ app_init ] --START--
INFO: Run Behavior\BuildLiteBehavior [ RunTime:0.000000s ]
INFO: [ app_init ] --END-- [ RunTime:0.000000s ]
INFO: [ app_begin ] --START--
INFO: Run Behavior\ReadHtmlCacheBehavior [ RunTime:0.003000s ]
INFO: [ app_begin ] --END-- [ RunTime:0.003000s ]
SQL: SHOW COLUMNS FROM `user` [ RunTime:0.0150s ]
SQL: SELECT `email` FROM `user`  [ RunTime:0.0000s ]
SQL: SHOW COLUMNS FROM `email` [ RunTime:0.0210s ]
SQL: INSERT INTO `email` (`email`) VALUES ('15927693861@163.com') [ RunTime:0.0020s ]
INFO: [ app_end ] --START--
INFO: Run Behavior\ShowPageTraceBehavior [ RunTime:0.004000s ]
INFO: [ app_end ] --END-- [ RunTime:0.004000s ]

[ 2017-03-23T14:01:41+08:00 ] 127.0.0.1 /admin/email/all_email
INFO: [ app_init ] --START--
INFO: Run Behavior\BuildLiteBehavior [ RunTime:0.000000s ]
INFO: [ app_init ] --END-- [ RunTime:0.000000s ]
INFO: [ app_begin ] --START--
INFO: Run Behavior\ReadHtmlCacheBehavior [ RunTime:0.003000s ]
INFO: [ app_begin ] --END-- [ RunTime:0.003000s ]
SQL: SHOW COLUMNS FROM `user` [ RunTime:0.0130s ]
SQL: SELECT `email` FROM `user`  [ RunTime:0.0000s ]
SQL: SHOW COLUMNS FROM `email` [ RunTime:0.0180s ]
SQL: INSERT INTO `email` (`email`) VALUES ('815091495@qq.com') [ RunTime:0.0030s ]
INFO: [ app_end ] --START--
INFO: Run Behavior\ShowPageTraceBehavior [ RunTime:0.003001s ]
INFO: [ app_end ] --END-- [ RunTime:0.003001s ]

[ 2017-03-23T14:01:48+08:00 ] 127.0.0.1 /admin/email/all_email
INFO: [ app_init ] --START--
INFO: Run Behavior\BuildLiteBehavior [ RunTime:0.000000s ]
INFO: [ app_init ] --END-- [ RunTime:0.000000s ]
INFO: [ app_begin ] --START--
INFO: Run Behavior\ReadHtmlCacheBehavior [ RunTime:0.003000s ]
INFO: [ app_begin ] --END-- [ RunTime:0.003000s ]
SQL: SHOW COLUMNS FROM `user` [ RunTime:0.0130s ]
SQL: SELECT `email` FROM `user`  [ RunTime:0.0010s ]
SQL: SHOW COLUMNS FROM `email` [ RunTime:0.0190s ]
SQL: INSERT INTO `email` (`email`) VALUES ('15927693861@163.com') [ RunTime:0.0050s ]
INFO: [ app_end ] --START--
INFO: Run Behavior\ShowPageTraceBehavior [ RunTime:0.003000s ]
INFO: [ app_end ] --END-- [ RunTime:0.003000s ]

